This is pdfTeX, Version 3.141592653-2.6-1.40.28 (MiKTeX 25.12) (preloaded format=pdflatex 2026.6.1)  1 JUN 2026 17:00
entering extended mode
 restricted \write18 enabled.
 file:line:error style messages enabled.
 %&-line parsing enabled.
**c:/Users/kslima/MestradoTeste/teste-food-price-obesity-analysis/KDMiLe_Template/template-kdmile-food-obesity.tex
(c:/Users/kslima/MestradoTeste/teste-food-price-obesity-analysis/KDMiLe_Template/template-kdmile-food-obesity.tex
LaTeX2e <2025-11-01>
L3 programming layer <2025-12-24>
(kdmile.cls
Document Class: kdmile 2009/12/17 kdmile class based on ACM Trans.
(C:\Users\kslima\AppData\Local\Programs\MiKTeX\tex/latex/base\latexsym.sty
Package: latexsym 1998/08/17 v2.2e Standard LaTeX package (lasy symbols)
\symlasy=\mathgroup4
LaTeX Font Info:    Overwriting symbol font `lasy' in version `bold'
(Font)                  U/lasy/m/n --> U/lasy/b/n on input line 52.
) (C:\Users\kslima\AppData\Local\Programs\MiKTeX\tex/latex/url\url.sty
\Urlmuskip=\muskip17
Package: url 2013/09/16  ver 3.4  Verb mode for urls, etc.
)
\c@@auth=\count275
\c@@inst=\count276
\c@auco=\count277
\instindent=\dimen148


Using kdmile: 2010/03/12

\footheight=\dimen149
\normaltextheight=\dimen150
\c@secnumbookdepth=\count278
\c@part=\count279
\c@section=\count280
\c@subsection=\count281
\c@subsubsection=\count282
\c@paragraph=\count283
\c@figure=\count284
\c@table=\count285
\@narrowfig=\dimen151
\@nfigbox=\box53
\@nfcapbox=\box54
\@abstract=\box55
\@terms=\box56
\@keywords=\box57
(C:\Users\kslima\AppData\Local\Programs\MiKTeX\tex/latex/comment\comment.sty
\CommentStream=\write3
 Excluding comment 'comment') Excluding comment 'CCSXML'
\c@@concepts=\count286
 (C:\Users\kslima\AppData\Local\Programs\MiKTeX\tex/latex/base\textcomp.sty
Package: textcomp 2024/04/24 v2.1b Standard LaTeX package
)
\bibhang=\skip49
\bibindent=\dimen152
) (C:\Users\kslima\AppData\Local\Programs\MiKTeX\tex/latex/graphics\graphicx.sty
Package: graphicx 2024/12/31 v1.2e Enhanced LaTeX Graphics (DPC,SPQR)
 (C:\Users\kslima\AppData\Local\Programs\MiKTeX\tex/latex/graphics\keyval.sty
Package: keyval 2022/05/29 v1.15 key=value parser (DPC)
\KV@toks@=\toks17
) (C:\Users\kslima\AppData\Local\Programs\MiKTeX\tex/latex/graphics\graphics.sty
Package: graphics 2024/08/06 v1.4g Standard LaTeX Graphics (DPC,SPQR)
 (C:\Users\kslima\AppData\Local\Programs\MiKTeX\tex/latex/graphics\trig.sty
Package: trig 2023/12/02 v1.11 sin cos tan (DPC)
) (C:\Users\kslima\AppData\Local\Programs\MiKTeX\tex/latex/graphics-cfg\graphics.cfg
File: graphics.cfg 2016/06/04 v1.11 sample graphics configuration
)
Package graphics Info: Driver file: pdftex.def on input line 106.
 (C:\Users\kslima\AppData\Local\Programs\MiKTeX\tex/latex/graphics-def\pdftex.def
File: pdftex.def 2025/09/29 v1.2d Graphics/color driver for pdftex
))
\Gin@req@height=\dimen153
\Gin@req@width=\dimen154
) (C:\Users\kslima\AppData\Local\Programs\MiKTeX\tex/latex/base\fontenc.sty
Package: fontenc 2025/07/18 v2.1d Standard LaTeX package
) (C:\Users\kslima\AppData\Local\Programs\MiKTeX\tex/latex/booktabs\booktabs.sty
Package: booktabs 2020/01/12 v1.61803398 Publication quality tables
\heavyrulewidth=\dimen155
\lightrulewidth=\dimen156
\cmidrulewidth=\dimen157
\belowrulesep=\dimen158
\belowbottomsep=\dimen159
\aboverulesep=\dimen160
\abovetopsep=\dimen161
\cmidrulesep=\dimen162
\cmidrulekern=\dimen163
\defaultaddspace=\dimen164
\@cmidla=\count287
\@cmidlb=\count288
\@aboverulesep=\dimen165
\@belowrulesep=\dimen166
\@thisruleclass=\count289
\@lastruleclass=\count290
\@thisrulewidth=\dimen167
) (C:\Users\kslima\AppData\Local\Programs\MiKTeX\tex/latex/multirow\multirow.sty
Package: multirow 2024/11/12 v2.9 Span multiple rows of a table
\multirow@colwidth=\skip50
\multirow@cntb=\count291
\multirow@dima=\skip51
\bigstrutjot=\dimen168
)
\c@theorem=\count292
 (C:\Users\kslima\AppData\Local\Programs\MiKTeX\tex/latex/l3backend\l3backend-pdftex.def
File: l3backend-pdftex.def 2025-10-09 L3 backend support: PDF output (pdfTeX)
\l__color_backend_stack_int=\count293
) (c:/Users\kslima\MestradoTeste\teste-food-price-obesity-analysis\KDMiLe_Template\out\template-kdmile-food-obesity.aux)
\openout1 = `template-kdmile-food-obesity.aux'.

LaTeX Font Info:    Checking defaults for OML/cmm/m/it on input line 97.
LaTeX Font Info:    ... okay on input line 97.
LaTeX Font Info:    Checking defaults for OMS/cmsy/m/n on input line 97.
LaTeX Font Info:    ... okay on input line 97.
LaTeX Font Info:    Checking defaults for OT1/cmr/m/n on input line 97.
LaTeX Font Info:    ... okay on input line 97.
LaTeX Font Info:    Checking defaults for T1/cmr/m/n on input line 97.
LaTeX Font Info:    ... okay on input line 97.
LaTeX Font Info:    Checking defaults for TS1/cmr/m/n on input line 97.
LaTeX Font Info:    ... okay on input line 97.
LaTeX Font Info:    Checking defaults for OMX/cmex/m/n on input line 97.
LaTeX Font Info:    ... okay on input line 97.
LaTeX Font Info:    Checking defaults for U/cmr/m/n on input line 97.
LaTeX Font Info:    ... okay on input line 97.
 (C:\Users\kslima\AppData\Local\Programs\MiKTeX\tex/context/base/mkii\supp-pdf.mkii
[Loading MPS to PDF converter (version 2006.09.02).]
\scratchcounter=\count294
\scratchdimen=\dimen169
\scratchbox=\box58
\nofMPsegments=\count295
\nofMParguments=\count296
\everyMPshowfont=\toks18
\MPscratchCnt=\count297
\MPscratchDim=\dimen170
\MPnumerator=\count298
\makeMPintoPDFobject=\count299
\everyMPtoPDFconversion=\toks19
) (C:\Users\kslima\AppData\Local\Programs\MiKTeX\tex/latex/epstopdf-pkg\epstopdf-base.sty
Package: epstopdf-base 2020-01-24 v2.11 Base part for package epstopdf
Package epstopdf-base Info: Redefining graphics rule for `.eps' on input line 485.
 (C:\Users\kslima\AppData\Local\Programs\MiKTeX\tex/latex/00miktex\epstopdf-sys.cfg
File: epstopdf-sys.cfg 2021/03/18 v2.0 Configuration of epstopdf for MiKTeX
))
LaTeX Font Info:    External font `cmex10' loaded for size
(Font)              <7> on input line 98.
LaTeX Font Info:    External font `cmex10' loaded for size
(Font)              <5> on input line 98.
LaTeX Font Info:    Trying to load font information for U+lasy on input line 98.
 (C:\Users\kslima\AppData\Local\Programs\MiKTeX\tex/latex/base\ulasy.fd
File: ulasy.fd 1998/08/17 v2.2e LaTeX symbol font definitions
)

LaTeX Warning: Citation `TODO' on page 1 undefined on input line 109.


LaTeX Warning: Citation `TODO' on page 1 undefined on input line 151.


LaTeX Warning: Citation `TODO' on page 1 undefined on input line 153.

[1

{C:/Users/kslima/AppData/Local/MiKTeX/fonts/map/pdftex/pdftex.map}]

LaTeX Warning: Citation `TODO' on page 2 undefined on input line 157.

LaTeX Font Info:    External font `cmex10' loaded for size
(Font)              <8> on input line 198.
LaTeX Font Info:    External font `cmex10' loaded for size
(Font)              <6> on input line 198.

LaTeX Warning: Reference `fig:pipeline' on page 2 undefined on input line 217.


Overfull \hbox (3.29301pt too wide) in paragraph at lines 216--218
\T1/cmr/m/n/10 O pipeline analítico pro-posto é com-posto por duas eta-pas se-quen-ci-ais, con-forme ilustrado na Figura 0[]. 
 []

LaTeX Font Info:    External font `cmex10' loaded for size
(Font)              <14.4> on input line 232.
[2]
Overfull \hbox (24.23344pt too wide) in paragraph at lines 267--271
\T1/cmr/m/n/10 Os ex-per-i-men-tos serăo con-duzi-dos em am-bi-ente Python 3.x, uti-lizando as bib-liote-cas \T1/cmtt/m/n/10 pandas\T1/cmr/m/n/10 , \T1/cmtt/m/n/10 scikit-learn\T1/cmr/m/n/10 ,
 []

[3] (c:/Users\kslima\MestradoTeste\teste-food-price-obesity-analysis\KDMiLe_Template\out\template-kdmile-food-obesity.bbl

LaTeX Warning: Empty `thebibliography' environment on input line 3.

) [4] (c:/Users\kslima\MestradoTeste\teste-food-price-obesity-analysis\KDMiLe_Template\out\template-kdmile-food-obesity.aux)
 ***********
LaTeX2e <2025-11-01>
L3 programming layer <2025-12-24>
 ***********


LaTeX Warning: There were undefined references.

 ) 
Here is how much of TeX's memory you used:
 2107 strings out of 467871
 33358 string characters out of 5417893
 444733 words of memory out of 5000000
 30974 multiletter control sequences out of 15000+600000
 642254 words of font info for 72 fonts, out of 8000000 for 9000
 1141 hyphenation exceptions out of 8191
 57i,8n,65p,492b,297s stack positions out of 10000i,1000n,20000p,200000b,200000s
 <C:\Users\kslima\AppData\Local\MiKTeX\fonts/pk/ljfour/jknappen/ec/dpi600\ecss0800.pk> <C:\Users\kslima\AppData\Local\MiKTeX\fonts/pk/ljfour/jknappen/ec/dpi600\ecti1000.pk> <C:\Users\kslima\AppData\Local\MiKTeX\fonts/pk/ljfour/jknappen/ec/dpi600\ecrm0700.pk> <C:\Users\kslima\AppData\Local\MiKTeX\fonts/pk/ljfour/jknappen/ec/dpi600\ectt1000.pk> <C:\Users\kslima\AppData\Local\MiKTeX\fonts/pk/ljfour/jknappen/ec/dpi600\tcrm0800.pk> <C:\Users\kslima\AppData\Local\MiKTeX\fonts/pk/ljfour/jknappen/ec/dpi600\ecbx0800.pk> <C:\Users\kslima\AppData\Local\MiKTeX\fonts/pk/ljfour/jknappen/ec/dpi600\ecrm0600.pk> <C:\Users\kslima\AppData\Local\MiKTeX\fonts/pk/ljfour/jknappen/ec/dpi600\ecbx1000.pk> <C:\Users\kslima\AppData\Local\MiKTeX\fonts/pk/ljfour/jknappen/ec/dpi600\ecrm1000.pk> <C:\Users\kslima\AppData\Local\MiKTeX\fonts/pk/ljfour/jknappen/ec/dpi600\ecrm0800.pk> <C:\Users\kslima\AppData\Local\MiKTeX\fonts/pk/ljfour/jknappen/ec/dpi600\ectt0900.pk> <C:\Users\kslima\AppData\Local\MiKTeX\fonts/pk/ljfour/jknappen/ec/dpi600\ecss0900.pk> <C:\Users\kslima\AppData\Local\MiKTeX\fonts/pk/ljfour/jknappen/ec/dpi600\ecss1000.pk> <C:\Users\kslima\AppData\Local\MiKTeX\fonts/pk/ljfour/jknappen/ec/dpi600\ecrm1728.pk><C:/Users/kslima/AppData/Local/Programs/MiKTeX/fonts/type1/public/amsfonts/cm/cmmi10.pfb><C:/Users/kslima/AppData/Local/Programs/MiKTeX/fonts/type1/public/amsfonts/cm/cmr10.pfb><C:/Users/kslima/AppData/Local/Programs/MiKTeX/fonts/type1/public/amsfonts/cm/cmr7.pfb><C:/Users/kslima/AppData/Local/Programs/MiKTeX/fonts/type1/public/amsfonts/cm/cmsy10.pfb>
Output written on c:/Users\kslima\MestradoTeste\teste-food-price-obesity-analysis\KDMiLe_Template\out\template-kdmile-food-obesity.pdf (4 pages, 178107 bytes).
PDF statistics:
 493 PDF objects out of 1000 (max. 8388607)
 0 named destinations out of 1000 (max. 500000)
 1 words of extra memory for PDF output out of 10000 (max. 10000000)

